

/******************************************************************************************
* WriteStepFile diagnostics.
* Date:                           Mon Mar 20 13:57:31 2017 
* Produced by:                    The EXPRESS Data Manager Version 5.02.0100.07 : 28 Aug 2013
* Module:                         EDMstepFileFactory/EDMstandAlone
* Host:                           vicw7-PC
* Database:                       C:\Users\vicw7\AppData\Local\Temp\{FBD92CF8-9117-40F9-95EB-25588D4D56AB}\ifc
* Database version:               5507
* Database creation date:         Mon Mar 20 13:57:24 2017
* Model:                          DataRepository.ifc
* Model creation date:            Mon Mar 20 13:57:24 2017
* Header model:                   DataRepository.ifc_HeaderModel
* Header model creation date:     Mon Mar 20 13:57:24 2017
* Step file:                      Revit2013 _ori.ifc
* EDMuser:                        sdai-user
* EDMgroup:                       sdai-group
* License ID and type:            5605 : Permanent license. Expiry date: 
* EDMstepFileFactory options:     020000
******************************************************************************************/


------------------------------------------------------------------------------------------------
Operation terminated successfully.
------------------------------------------------------------------------------------------------

