

/******************************************************************************************
* WriteStepFile diagnostics.
* Date:                           Fri Feb 23 14:52:30 2018 
* Produced by:                    The EXPRESS Data Manager Version 5.02.0100.07 : 28 Aug 2013
* Module:                         EDMstepFileFactory/EDMstandAlone
* Host:                           DESKTOP-0U90E31
* Database:                       C:\Users\vic\AppData\Local\Temp\{039A2C12-60F3-4C85-B6E5-268937E3FEE1}\ifc
* Database version:               5507
* Database creation date:         Fri Feb 23 14:51:53 2018
* Model:                          DataRepository.ifc
* Model creation date:            Fri Feb 23 14:51:53 2018
* Header model:                   DataRepository.ifc_HeaderModel
* Header model creation date:     Fri Feb 23 14:51:53 2018
* Step file:                      {DA48692C-158A-4248-9A4E-590D74F6366D}.ifc
* EDMuser:                        sdai-user
* EDMgroup:                       sdai-group
* License ID and type:            5605 : Permanent license. Expiry date: 
* EDMstepFileFactory options:     020000
******************************************************************************************/


------------------------------------------------------------------------------------------------
Operation terminated successfully.
------------------------------------------------------------------------------------------------

