

/******************************************************************************************
* WriteStepFile diagnostics.
* Date:                           Tue May 23 21:55:18 2017 
* Produced by:                    The EXPRESS Data Manager Version 5.02.0100.07 : 28 Aug 2013
* Module:                         EDMstepFileFactory/EDMstandAlone
* Host:                           vicw7-PC
* Database:                       C:\Users\vicw7\AppData\Local\Temp\{E28AFB6E-1A48-4EAF-BA03-4451F85746A5}\ifc
* Database version:               5507
* Database creation date:         Tue May 23 21:54:33 2017
* Model:                          DataRepository.ifc
* Model creation date:            Tue May 23 21:54:34 2017
* Header model:                   DataRepository.ifc_HeaderModel
* Header model creation date:     Tue May 23 21:54:34 2017
* Step file:                      {998D239D-D965-415F-B2BB-4AFE04C4FC5A}.ifc
* EDMuser:                        sdai-user
* EDMgroup:                       sdai-group
* License ID and type:            5605 : Permanent license. Expiry date: 
* EDMstepFileFactory options:     020000
******************************************************************************************/


------------------------------------------------------------------------------------------------
Operation terminated successfully.
------------------------------------------------------------------------------------------------

